INFO Thread-0 com.yxy.nova.lwm2m.leshan.client.RandomTemperatureSensor - Read on Temperature resource /3303/0/5700
INFO CoapServer(main)#1 com.yxy.nova.lwm2m.leshan.client.RandomTemperatureSensor - Read on Temperature resource /3303/0/5700
INFO Thread-0 com.yxy.nova.lwm2m.leshan.client.RandomTemperatureSensor - Read on Temperature resource /3303/0/5700
INFO CoapServer(main)#1 com.yxy.nova.lwm2m.leshan.client.RandomTemperatureSensor - Read on Temperature resource /3303/0/5700
INFO Thread-0 com.yxy.nova.lwm2m.leshan.client.RandomTemperatureSensor - Read on Temperature resource /3303/0/5700
INFO CoapServer(main)#1 com.yxy.nova.lwm2m.leshan.client.RandomTemperatureSensor - Read on Temperature resource /3303/0/5700
INFO Thread-0 com.yxy.nova.lwm2m.leshan.client.RandomTemperatureSensor - Read on Temperature resource /3303/0/5700
INFO CoapServer(main)#1 com.yxy.nova.lwm2m.leshan.client.RandomTemperatureSensor - Read on Temperature resource /3303/0/5700
INFO Thread-0 com.yxy.nova.lwm2m.leshan.client.RandomTemperatureSensor - Read on Temperature resource /3303/0/5700
INFO CoapServer(main)#1 com.yxy.nova.lwm2m.leshan.client.RandomTemperatureSensor - Read on Temperature resource /3303/0/5700
INFO Thread-0 com.yxy.nova.lwm2m.leshan.client.RandomTemperatureSensor - Read on Temperature resource /3303/0/5700
INFO CoapServer(main)#1 com.yxy.nova.lwm2m.leshan.client.RandomTemperatureSensor - Read on Temperature resource /3303/0/5700
INFO Thread-0 com.yxy.nova.lwm2m.leshan.client.RandomTemperatureSensor - Read on Temperature resource /3303/0/5700
INFO CoapServer(main)#1 com.yxy.nova.lwm2m.leshan.client.RandomTemperatureSensor - Read on Temperature resource /3303/0/5700
INFO RegistrationEngine#0 org.eclipse.leshan.client.engine.DefaultRegistrationEngine - Trying to update registration to coap://127.0.0.1:5683 (response timeout 120000ms)...
INFO RegistrationEngine#0 org.eclipse.leshan.client.engine.DefaultRegistrationEngine - Registration update succeed.
INFO RegistrationEngine#0 org.eclipse.leshan.client.engine.DefaultRegistrationEngine - Next registration update to coap://127.0.0.1:5683 in 53s...
INFO Thread-0 com.yxy.nova.lwm2m.leshan.client.RandomTemperatureSensor - Read on Temperature resource /3303/0/5700
INFO CoapServer(main)#1 com.yxy.nova.lwm2m.leshan.client.RandomTemperatureSensor - Read on Temperature resource /3303/0/5700
INFO Thread-0 com.yxy.nova.lwm2m.leshan.client.RandomTemperatureSensor - Read on Temperature resource /3303/0/5700
INFO CoapServer(main)#1 com.yxy.nova.lwm2m.leshan.client.RandomTemperatureSensor - Read on Temperature resource /3303/0/5700
INFO Thread-0 com.yxy.nova.lwm2m.leshan.client.RandomTemperatureSensor - Read on Temperature resource /3303/0/5700
INFO CoapServer(main)#1 com.yxy.nova.lwm2m.leshan.client.RandomTemperatureSensor - Read on Temperature resource /3303/0/5700
INFO Thread-0 com.yxy.nova.lwm2m.leshan.client.RandomTemperatureSensor - Read on Temperature resource /3303/0/5700
INFO CoapServer(main)#1 com.yxy.nova.lwm2m.leshan.client.RandomTemperatureSensor - Read on Temperature resource /3303/0/5700
INFO Thread-0 com.yxy.nova.lwm2m.leshan.client.RandomTemperatureSensor - Read on Temperature resource /3303/0/5700
INFO CoapServer(main)#1 com.yxy.nova.lwm2m.leshan.client.RandomTemperatureSensor - Read on Temperature resource /3303/0/5700
INFO Thread-0 com.yxy.nova.lwm2m.leshan.client.RandomTemperatureSensor - Read on Temperature resource /3303/0/5700
INFO CoapServer(main)#1 com.yxy.nova.lwm2m.leshan.client.RandomTemperatureSensor - Read on Temperature resource /3303/0/5700
INFO Thread-0 com.yxy.nova.lwm2m.leshan.client.RandomTemperatureSensor - Read on Temperature resource /3303/0/5700
INFO CoapServer(main)#1 com.yxy.nova.lwm2m.leshan.client.RandomTemperatureSensor - Read on Temperature resource /3303/0/5700
INFO Thread-0 com.yxy.nova.lwm2m.leshan.client.RandomTemperatureSensor - Read on Temperature resource /3303/0/5700
INFO CoapServer(main)#1 com.yxy.nova.lwm2m.leshan.client.RandomTemperatureSensor - Read on Temperature resource /3303/0/5700
INFO Thread-0 com.yxy.nova.lwm2m.leshan.client.RandomTemperatureSensor - Read on Temperature resource /3303/0/5700
INFO CoapServer(main)#1 com.yxy.nova.lwm2m.leshan.client.RandomTemperatureSensor - Read on Temperature resource /3303/0/5700
INFO Thread-0 com.yxy.nova.lwm2m.leshan.client.RandomTemperatureSensor - Read on Temperature resource /3303/0/5700
INFO CoapServer(main)#1 com.yxy.nova.lwm2m.leshan.client.RandomTemperatureSensor - Read on Temperature resource /3303/0/5700
INFO Thread-0 com.yxy.nova.lwm2m.leshan.client.RandomTemperatureSensor - Read on Temperature resource /3303/0/5700
INFO CoapServer(main)#1 com.yxy.nova.lwm2m.leshan.client.RandomTemperatureSensor - Read on Temperature resource /3303/0/5700
INFO RegistrationEngine#0 org.eclipse.leshan.client.engine.DefaultRegistrationEngine - Trying to update registration to coap://127.0.0.1:5683 (response timeout 120000ms)...
INFO RegistrationEngine#0 org.eclipse.leshan.client.engine.DefaultRegistrationEngine - Registration update succeed.
INFO RegistrationEngine#0 org.eclipse.leshan.client.engine.DefaultRegistrationEngine - Next registration update to coap://127.0.0.1:5683 in 53s...
INFO Thread-0 com.yxy.nova.lwm2m.leshan.client.RandomTemperatureSensor - Read on Temperature resource /3303/0/5700
INFO CoapServer(main)#1 com.yxy.nova.lwm2m.leshan.client.RandomTemperatureSensor - Read on Temperature resource /3303/0/5700
INFO Thread-0 com.yxy.nova.lwm2m.leshan.client.RandomTemperatureSensor - Read on Temperature resource /3303/0/5700
INFO CoapServer(main)#1 com.yxy.nova.lwm2m.leshan.client.RandomTemperatureSensor - Read on Temperature resource /3303/0/5700
INFO Thread-0 com.yxy.nova.lwm2m.leshan.client.RandomTemperatureSensor - Read on Temperature resource /3303/0/5700
INFO CoapServer(main)#1 com.yxy.nova.lwm2m.leshan.client.RandomTemperatureSensor - Read on Temperature resource /3303/0/5700
INFO Thread-0 com.yxy.nova.lwm2m.leshan.client.RandomTemperatureSensor - Read on Temperature resource /3303/0/5700
INFO CoapServer(main)#1 com.yxy.nova.lwm2m.leshan.client.RandomTemperatureSensor - Read on Temperature resource /3303/0/5700
INFO Thread-0 com.yxy.nova.lwm2m.leshan.client.RandomTemperatureSensor - Read on Temperature resource /3303/0/5700
INFO CoapServer(main)#1 com.yxy.nova.lwm2m.leshan.client.RandomTemperatureSensor - Read on Temperature resource /3303/0/5700
INFO Thread-0 com.yxy.nova.lwm2m.leshan.client.RandomTemperatureSensor - Read on Temperature resource /3303/0/5700
INFO CoapServer(main)#1 com.yxy.nova.lwm2m.leshan.client.RandomTemperatureSensor - Read on Temperature resource /3303/0/5700
INFO Thread-0 com.yxy.nova.lwm2m.leshan.client.RandomTemperatureSensor - Read on Temperature resource /3303/0/5700
INFO CoapServer(main)#1 com.yxy.nova.lwm2m.leshan.client.RandomTemperatureSensor - Read on Temperature resource /3303/0/5700
INFO Thread-0 com.yxy.nova.lwm2m.leshan.client.RandomTemperatureSensor - Read on Temperature resource /3303/0/5700
INFO CoapServer(main)#1 com.yxy.nova.lwm2m.leshan.client.RandomTemperatureSensor - Read on Temperature resource /3303/0/5700
INFO Thread-0 com.yxy.nova.lwm2m.leshan.client.RandomTemperatureSensor - Read on Temperature resource /3303/0/5700
INFO CoapServer(main)#1 com.yxy.nova.lwm2m.leshan.client.RandomTemperatureSensor - Read on Temperature resource /3303/0/5700
INFO Thread-0 com.yxy.nova.lwm2m.leshan.client.RandomTemperatureSensor - Read on Temperature resource /3303/0/5700
INFO CoapServer(main)#1 com.yxy.nova.lwm2m.leshan.client.RandomTemperatureSensor - Read on Temperature resource /3303/0/5700
INFO RegistrationEngine#0 org.eclipse.leshan.client.engine.DefaultRegistrationEngine - Trying to update registration to coap://127.0.0.1:5683 (response timeout 120000ms)...
INFO RegistrationEngine#0 org.eclipse.leshan.client.engine.DefaultRegistrationEngine - Registration update succeed.
INFO RegistrationEngine#0 org.eclipse.leshan.client.engine.DefaultRegistrationEngine - Next registration update to coap://127.0.0.1:5683 in 53s...
INFO Thread-0 com.yxy.nova.lwm2m.leshan.client.RandomTemperatureSensor - Read on Temperature resource /3303/0/5700
INFO CoapServer(main)#1 com.yxy.nova.lwm2m.leshan.client.RandomTemperatureSensor - Read on Temperature resource /3303/0/5700
INFO Thread-0 com.yxy.nova.lwm2m.leshan.client.RandomTemperatureSensor - Read on Temperature resource /3303/0/5700
INFO CoapServer(main)#1 com.yxy.nova.lwm2m.leshan.client.RandomTemperatureSensor - Read on Temperature resource /3303/0/5700
INFO Thread-0 com.yxy.nova.lwm2m.leshan.client.RandomTemperatureSensor - Read on Temperature resource /3303/0/5700
INFO CoapServer(main)#1 com.yxy.nova.lwm2m.leshan.client.RandomTemperatureSensor - Read on Temperature resource /3303/0/5700
INFO Thread-0 com.yxy.nova.lwm2m.leshan.client.RandomTemperatureSensor - Read on Temperature resource /3303/0/5700
INFO CoapServer(main)#1 com.yxy.nova.lwm2m.leshan.client.RandomTemperatureSensor - Read on Temperature resource /3303/0/5700
INFO Thread-0 com.yxy.nova.lwm2m.leshan.client.RandomTemperatureSensor - Read on Temperature resource /3303/0/5700
INFO CoapServer(main)#1 com.yxy.nova.lwm2m.leshan.client.RandomTemperatureSensor - Read on Temperature resource /3303/0/5700
INFO Thread-0 com.yxy.nova.lwm2m.leshan.client.RandomTemperatureSensor - Read on Temperature resource /3303/0/5700
INFO CoapServer(main)#1 com.yxy.nova.lwm2m.leshan.client.RandomTemperatureSensor - Read on Temperature resource /3303/0/5700
INFO Thread-0 com.yxy.nova.lwm2m.leshan.client.RandomTemperatureSensor - Read on Temperature resource /3303/0/5700
INFO CoapServer(main)#1 com.yxy.nova.lwm2m.leshan.client.RandomTemperatureSensor - Read on Temperature resource /3303/0/5700
INFO Thread-0 com.yxy.nova.lwm2m.leshan.client.RandomTemperatureSensor - Read on Temperature resource /3303/0/5700
INFO CoapServer(main)#1 com.yxy.nova.lwm2m.leshan.client.RandomTemperatureSensor - Read on Temperature resource /3303/0/5700
INFO Thread-0 com.yxy.nova.lwm2m.leshan.client.RandomTemperatureSensor - Read on Temperature resource /3303/0/5700
INFO CoapServer(main)#1 com.yxy.nova.lwm2m.leshan.client.RandomTemperatureSensor - Read on Temperature resource /3303/0/5700
INFO Thread-0 com.yxy.nova.lwm2m.leshan.client.RandomTemperatureSensor - Read on Temperature resource /3303/0/5700
INFO CoapServer(main)#1 com.yxy.nova.lwm2m.leshan.client.RandomTemperatureSensor - Read on Temperature resource /3303/0/5700
INFO Thread-0 com.yxy.nova.lwm2m.leshan.client.RandomTemperatureSensor - Read on Temperature resource /3303/0/5700
INFO CoapServer(main)#1 com.yxy.nova.lwm2m.leshan.client.RandomTemperatureSensor - Read on Temperature resource /3303/0/5700
INFO RegistrationEngine#0 org.eclipse.leshan.client.engine.DefaultRegistrationEngine - Trying to update registration to coap://127.0.0.1:5683 (response timeout 120000ms)...
INFO RegistrationEngine#0 org.eclipse.leshan.client.engine.DefaultRegistrationEngine - Registration update succeed.
INFO RegistrationEngine#0 org.eclipse.leshan.client.engine.DefaultRegistrationEngine - Next registration update to coap://127.0.0.1:5683 in 53s...
INFO Thread-0 com.yxy.nova.lwm2m.leshan.client.RandomTemperatureSensor - Read on Temperature resource /3303/0/5700
INFO CoapServer(main)#1 com.yxy.nova.lwm2m.leshan.client.RandomTemperatureSensor - Read on Temperature resource /3303/0/5700
INFO Thread-0 com.yxy.nova.lwm2m.leshan.client.RandomTemperatureSensor - Read on Temperature resource /3303/0/5700
INFO CoapServer(main)#1 com.yxy.nova.lwm2m.leshan.client.RandomTemperatureSensor - Read on Temperature resource /3303/0/5700
INFO Thread-0 com.yxy.nova.lwm2m.leshan.client.RandomTemperatureSensor - Read on Temperature resource /3303/0/5700
INFO CoapServer(main)#1 com.yxy.nova.lwm2m.leshan.client.RandomTemperatureSensor - Read on Temperature resource /3303/0/5700
INFO Thread-0 com.yxy.nova.lwm2m.leshan.client.RandomTemperatureSensor - Read on Temperature resource /3303/0/5700
INFO CoapServer(main)#1 com.yxy.nova.lwm2m.leshan.client.RandomTemperatureSensor - Read on Temperature resource /3303/0/5700
INFO Thread-0 com.yxy.nova.lwm2m.leshan.client.RandomTemperatureSensor - Read on Temperature resource /3303/0/5700
INFO CoapServer(main)#1 com.yxy.nova.lwm2m.leshan.client.RandomTemperatureSensor - Read on Temperature resource /3303/0/5700
INFO Thread-0 com.yxy.nova.lwm2m.leshan.client.RandomTemperatureSensor - Read on Temperature resource /3303/0/5700
INFO CoapServer(main)#1 com.yxy.nova.lwm2m.leshan.client.RandomTemperatureSensor - Read on Temperature resource /3303/0/5700
INFO Thread-0 com.yxy.nova.lwm2m.leshan.client.RandomTemperatureSensor - Read on Temperature resource /3303/0/5700
INFO CoapServer(main)#1 com.yxy.nova.lwm2m.leshan.client.RandomTemperatureSensor - Read on Temperature resource /3303/0/5700
INFO Thread-0 com.yxy.nova.lwm2m.leshan.client.RandomTemperatureSensor - Read on Temperature resource /3303/0/5700
INFO CoapServer(main)#1 com.yxy.nova.lwm2m.leshan.client.RandomTemperatureSensor - Read on Temperature resource /3303/0/5700
INFO Thread-0 com.yxy.nova.lwm2m.leshan.client.RandomTemperatureSensor - Read on Temperature resource /3303/0/5700
INFO CoapServer(main)#1 com.yxy.nova.lwm2m.leshan.client.RandomTemperatureSensor - Read on Temperature resource /3303/0/5700
INFO Thread-0 com.yxy.nova.lwm2m.leshan.client.RandomTemperatureSensor - Read on Temperature resource /3303/0/5700
INFO CoapServer(main)#1 com.yxy.nova.lwm2m.leshan.client.RandomTemperatureSensor - Read on Temperature resource /3303/0/5700
INFO RegistrationEngine#0 org.eclipse.leshan.client.engine.DefaultRegistrationEngine - Trying to update registration to coap://127.0.0.1:5683 (response timeout 120000ms)...
INFO RegistrationEngine#0 org.eclipse.leshan.client.engine.DefaultRegistrationEngine - Registration update succeed.
INFO RegistrationEngine#0 org.eclipse.leshan.client.engine.DefaultRegistrationEngine - Next registration update to coap://127.0.0.1:5683 in 53s...
INFO Thread-0 com.yxy.nova.lwm2m.leshan.client.RandomTemperatureSensor - Read on Temperature resource /3303/0/5700
INFO CoapServer(main)#1 com.yxy.nova.lwm2m.leshan.client.RandomTemperatureSensor - Read on Temperature resource /3303/0/5700
INFO Thread-0 com.yxy.nova.lwm2m.leshan.client.RandomTemperatureSensor - Read on Temperature resource /3303/0/5700
INFO CoapServer(main)#1 com.yxy.nova.lwm2m.leshan.client.RandomTemperatureSensor - Read on Temperature resource /3303/0/5700
INFO Thread-0 com.yxy.nova.lwm2m.leshan.client.RandomTemperatureSensor - Read on Temperature resource /3303/0/5700
INFO CoapServer(main)#1 com.yxy.nova.lwm2m.leshan.client.RandomTemperatureSensor - Read on Temperature resource /3303/0/5700
INFO Thread-0 com.yxy.nova.lwm2m.leshan.client.RandomTemperatureSensor - Read on Temperature resource /3303/0/5700
INFO CoapServer(main)#1 com.yxy.nova.lwm2m.leshan.client.RandomTemperatureSensor - Read on Temperature resource /3303/0/5700
INFO Thread-0 com.yxy.nova.lwm2m.leshan.client.RandomTemperatureSensor - Read on Temperature resource /3303/0/5700
INFO CoapServer(main)#1 com.yxy.nova.lwm2m.leshan.client.RandomTemperatureSensor - Read on Temperature resource /3303/0/5700
INFO Thread-0 com.yxy.nova.lwm2m.leshan.client.RandomTemperatureSensor - Read on Temperature resource /3303/0/5700
INFO CoapServer(main)#1 com.yxy.nova.lwm2m.leshan.client.RandomTemperatureSensor - Read on Temperature resource /3303/0/5700
INFO Thread-0 com.yxy.nova.lwm2m.leshan.client.RandomTemperatureSensor - Read on Temperature resource /3303/0/5700
INFO CoapServer(main)#1 com.yxy.nova.lwm2m.leshan.client.RandomTemperatureSensor - Read on Temperature resource /3303/0/5700
INFO Thread-0 com.yxy.nova.lwm2m.leshan.client.RandomTemperatureSensor - Read on Temperature resource /3303/0/5700
INFO CoapServer(main)#1 com.yxy.nova.lwm2m.leshan.client.RandomTemperatureSensor - Read on Temperature resource /3303/0/5700
INFO Thread-0 com.yxy.nova.lwm2m.leshan.client.RandomTemperatureSensor - Read on Temperature resource /3303/0/5700
INFO CoapServer(main)#1 com.yxy.nova.lwm2m.leshan.client.RandomTemperatureSensor - Read on Temperature resource /3303/0/5700
INFO Thread-0 com.yxy.nova.lwm2m.leshan.client.RandomTemperatureSensor - Read on Temperature resource /3303/0/5700
INFO CoapServer(main)#1 com.yxy.nova.lwm2m.leshan.client.RandomTemperatureSensor - Read on Temperature resource /3303/0/5700
INFO Thread-0 com.yxy.nova.lwm2m.leshan.client.RandomTemperatureSensor - Read on Temperature resource /3303/0/5700
INFO CoapServer(main)#1 com.yxy.nova.lwm2m.leshan.client.RandomTemperatureSensor - Read on Temperature resource /3303/0/5700
INFO RegistrationEngine#0 org.eclipse.leshan.client.engine.DefaultRegistrationEngine - Trying to update registration to coap://127.0.0.1:5683 (response timeout 120000ms)...
INFO RegistrationEngine#0 org.eclipse.leshan.client.engine.DefaultRegistrationEngine - Registration update succeed.
INFO RegistrationEngine#0 org.eclipse.leshan.client.engine.DefaultRegistrationEngine - Next registration update to coap://127.0.0.1:5683 in 53s...
INFO Thread-0 com.yxy.nova.lwm2m.leshan.client.RandomTemperatureSensor - Read on Temperature resource /3303/0/5700
INFO CoapServer(main)#1 com.yxy.nova.lwm2m.leshan.client.RandomTemperatureSensor - Read on Temperature resource /3303/0/5700
INFO Thread-0 com.yxy.nova.lwm2m.leshan.client.RandomTemperatureSensor - Read on Temperature resource /3303/0/5700
INFO CoapServer(main)#1 com.yxy.nova.lwm2m.leshan.client.RandomTemperatureSensor - Read on Temperature resource /3303/0/5700
INFO Thread-0 com.yxy.nova.lwm2m.leshan.client.RandomTemperatureSensor - Read on Temperature resource /3303/0/5700
INFO CoapServer(main)#1 com.yxy.nova.lwm2m.leshan.client.RandomTemperatureSensor - Read on Temperature resource /3303/0/5700
INFO Thread-0 com.yxy.nova.lwm2m.leshan.client.RandomTemperatureSensor - Read on Temperature resource /3303/0/5700
INFO CoapServer(main)#1 com.yxy.nova.lwm2m.leshan.client.RandomTemperatureSensor - Read on Temperature resource /3303/0/5700
INFO Thread-0 com.yxy.nova.lwm2m.leshan.client.RandomTemperatureSensor - Read on Temperature resource /3303/0/5700
INFO CoapServer(main)#1 com.yxy.nova.lwm2m.leshan.client.RandomTemperatureSensor - Read on Temperature resource /3303/0/5700
INFO Thread-0 com.yxy.nova.lwm2m.leshan.client.RandomTemperatureSensor - Read on Temperature resource /3303/0/5700
INFO CoapServer(main)#1 com.yxy.nova.lwm2m.leshan.client.RandomTemperatureSensor - Read on Temperature resource /3303/0/5700
INFO Thread-0 com.yxy.nova.lwm2m.leshan.client.RandomTemperatureSensor - Read on Temperature resource /3303/0/5700
INFO CoapServer(main)#1 com.yxy.nova.lwm2m.leshan.client.RandomTemperatureSensor - Read on Temperature resource /3303/0/5700
INFO Thread-0 com.yxy.nova.lwm2m.leshan.client.RandomTemperatureSensor - Read on Temperature resource /3303/0/5700
INFO CoapServer(main)#1 com.yxy.nova.lwm2m.leshan.client.RandomTemperatureSensor - Read on Temperature resource /3303/0/5700
INFO Thread-0 com.yxy.nova.lwm2m.leshan.client.RandomTemperatureSensor - Read on Temperature resource /3303/0/5700
INFO CoapServer(main)#1 com.yxy.nova.lwm2m.leshan.client.RandomTemperatureSensor - Read on Temperature resource /3303/0/5700
INFO Thread-0 com.yxy.nova.lwm2m.leshan.client.RandomTemperatureSensor - Read on Temperature resource /3303/0/5700
INFO CoapServer(main)#1 com.yxy.nova.lwm2m.leshan.client.RandomTemperatureSensor - Read on Temperature resource /3303/0/5700
INFO Thread-0 com.yxy.nova.lwm2m.leshan.client.RandomTemperatureSensor - Read on Temperature resource /3303/0/5700
INFO CoapServer(main)#1 com.yxy.nova.lwm2m.leshan.client.RandomTemperatureSensor - Read on Temperature resource /3303/0/5700
INFO RegistrationEngine#0 org.eclipse.leshan.client.engine.DefaultRegistrationEngine - Trying to update registration to coap://127.0.0.1:5683 (response timeout 120000ms)...
INFO RegistrationEngine#0 org.eclipse.leshan.client.engine.DefaultRegistrationEngine - Registration update succeed.
INFO RegistrationEngine#0 org.eclipse.leshan.client.engine.DefaultRegistrationEngine - Next registration update to coap://127.0.0.1:5683 in 53s...
INFO Thread-0 com.yxy.nova.lwm2m.leshan.client.RandomTemperatureSensor - Read on Temperature resource /3303/0/5700
INFO CoapServer(main)#1 com.yxy.nova.lwm2m.leshan.client.RandomTemperatureSensor - Read on Temperature resource /3303/0/5700
INFO Thread-0 com.yxy.nova.lwm2m.leshan.client.RandomTemperatureSensor - Read on Temperature resource /3303/0/5700
INFO CoapServer(main)#1 com.yxy.nova.lwm2m.leshan.client.RandomTemperatureSensor - Read on Temperature resource /3303/0/5700
INFO Thread-0 com.yxy.nova.lwm2m.leshan.client.RandomTemperatureSensor - Read on Temperature resource /3303/0/5700
INFO CoapServer(main)#1 com.yxy.nova.lwm2m.leshan.client.RandomTemperatureSensor - Read on Temperature resource /3303/0/5700
INFO Thread-0 com.yxy.nova.lwm2m.leshan.client.RandomTemperatureSensor - Read on Temperature resource /3303/0/5700
INFO CoapServer(main)#1 com.yxy.nova.lwm2m.leshan.client.RandomTemperatureSensor - Read on Temperature resource /3303/0/5700
INFO Thread-0 com.yxy.nova.lwm2m.leshan.client.RandomTemperatureSensor - Read on Temperature resource /3303/0/5700
INFO CoapServer(main)#1 com.yxy.nova.lwm2m.leshan.client.RandomTemperatureSensor - Read on Temperature resource /3303/0/5700
INFO Thread-0 com.yxy.nova.lwm2m.leshan.client.RandomTemperatureSensor - Read on Temperature resource /3303/0/5700
INFO CoapServer(main)#1 com.yxy.nova.lwm2m.leshan.client.RandomTemperatureSensor - Read on Temperature resource /3303/0/5700
INFO Thread-0 com.yxy.nova.lwm2m.leshan.client.RandomTemperatureSensor - Read on Temperature resource /3303/0/5700
INFO CoapServer(main)#1 com.yxy.nova.lwm2m.leshan.client.RandomTemperatureSensor - Read on Temperature resource /3303/0/5700
INFO Thread-0 com.yxy.nova.lwm2m.leshan.client.RandomTemperatureSensor - Read on Temperature resource /3303/0/5700
INFO CoapServer(main)#1 com.yxy.nova.lwm2m.leshan.client.RandomTemperatureSensor - Read on Temperature resource /3303/0/5700
INFO Thread-0 com.yxy.nova.lwm2m.leshan.client.RandomTemperatureSensor - Read on Temperature resource /3303/0/5700
INFO CoapServer(main)#1 com.yxy.nova.lwm2m.leshan.client.RandomTemperatureSensor - Read on Temperature resource /3303/0/5700
INFO main com.alibaba.druid.pool.DruidDataSource - {dataSource-1} inited
INFO Thread-18 com.alibaba.druid.pool.DruidDataSource - {dataSource-1} closed
INFO main com.alibaba.druid.pool.DruidDataSource - {dataSource-1} inited
INFO Thread-18 com.alibaba.druid.pool.DruidDataSource - {dataSource-1} closed
INFO main com.alibaba.druid.pool.DruidDataSource - {dataSource-1} inited
